<?xml version="1.0" encoding="UTF-8"?>
<!-- Generated by org.testng.reporters.JUnitReportReporter -->
<testsuite skipped="0" hostname="DESKTOP-F5BRIJ9" name="com.tests.Practice" tests="2" failures="0" timestamp="01 Nov 2022 16:09:28 GMT" time="0.018" errors="0">
  <testcase name="test01" time="0.016" classname="com.tests.Practice"/>
  <testcase name="test02" time="0.002" classname="com.tests.Practice"/>
</testsuite> <!-- com.tests.Practice -->
