<?xml version="1.0" encoding="UTF-8"?>
<!-- Generated by org.testng.reporters.JUnitReportReporter -->
<testsuite skipped="0" hostname="DESKTOP-F5BRIJ9" name="com.tests.Practice" tests="1" failures="0" timestamp="01 Nov 2022 10:11:16 GMT" time="0.017" errors="0">
  <testcase name="test01" time="0.017" classname="com.tests.Practice"/>
</testsuite> <!-- com.tests.Practice -->
